/*C25*/SET SCHEMA PUBLIC
CONNECT USER SA
DISCONNECT
/*C26*/SET SCHEMA PUBLIC
CONNECT USER SA
DISCONNECT
/*C27*/SET SCHEMA PUBLIC
CONNECT USER SA
drop table cliente\u000a\u000a
CREATE TABLE cliente(\u000acodigo integer identity primary key,\u000anome varchar(250),\u000aemail varchar(250),\u000aidade integer,\u000asexo boolean,\u000acpf varchar(15),\u000aCEP integer,\u000atelefone varchar(20)\u000a)\u000a\u000a
drop table cliente\u000a\u000a
CREATE TABLE cliente(\u000acodigo integer identity primary key,\u000anome varchar(250),\u000aemail varchar(250),\u000aidade integer,\u000asexo boolean,\u000acpf varchar(15),\u000aCEP integer,\u000atelefone varchar(20)\u000a)\u000a\u000a
/*C28*/SET SCHEMA PUBLIC
CONNECT USER SA
DISCONNECT
/*C29*/SET SCHEMA PUBLIC
CONNECT USER SA
DISCONNECT
/*C30*/SET SCHEMA PUBLIC
CONNECT USER SA
DISCONNECT
/*C31*/SET SCHEMA PUBLIC
CONNECT USER SA
INSERT INTO CLIENTE VALUES(0,'Raul','321321',14,TRUE,'1321',321321,'321321')
DISCONNECT
/*C32*/SET SCHEMA PUBLIC
CONNECT USER SA
DISCONNECT
/*C33*/SET SCHEMA PUBLIC
CONNECT USER SA
DISCONNECT
/*C34*/SET SCHEMA PUBLIC
CONNECT USER SA
DISCONNECT
/*C35*/SET SCHEMA PUBLIC
CONNECT USER SA
DISCONNECT
/*C36*/SET SCHEMA PUBLIC
CONNECT USER SA
INSERT INTO CLIENTE VALUES(1,'Raul','321321',14,TRUE,'321',32132,'321321')
DISCONNECT
/*C37*/SET SCHEMA PUBLIC
CONNECT USER SA
DISCONNECT
/*C38*/SET SCHEMA PUBLIC
CONNECT USER SA
DISCONNECT
/*C39*/SET SCHEMA PUBLIC
CONNECT USER SA
DISCONNECT
/*C40*/SET SCHEMA PUBLIC
CONNECT USER SA
DISCONNECT
/*C41*/SET SCHEMA PUBLIC
CONNECT USER SA
DISCONNECT
/*C42*/SET SCHEMA PUBLIC
CONNECT USER SA
DISCONNECT
